<?xml version="1.0" encoding="UTF-8"?>
<Site BuildName="(empty)"
	BuildStamp="20231028-0245-Experimental"
	Name="DESKTOP-25FAITH"
	Generator="ctest-3.16.3"
	CompilerName="/usr/bin/c++"
	CompilerVersion="9.4.0"
	OSName="Linux"
	Hostname="DESKTOP-25FAITH"
	OSRelease="5.15.90.1-microsoft-standard-WSL2"
	OSVersion="#1 SMP Fri Jan 27 02:56:13 UTC 2023"
	OSPlatform="x86_64"
	Is64Bits="1"
	VendorString="AuthenticAMD"
	VendorID="Advanced Micro Devices"
	FamilyID="25"
	ModelID="80"
	ProcessorCacheSize="512"
	NumberOfLogicalCPU="16"
	NumberOfPhysicalCPU="8"
	TotalVirtualMemory="2048"
	TotalPhysicalMemory="7642"
	LogicalProcessorsPerPhysical="2"
	ProcessorClockFrequency="3293.73"
	>
	<Testing>
		<StartDateTime>Oct 28 13:39 CST</StartDateTime>
		<StartTestTime>1698471570</StartTestTime>
		<TestList/>
		<EndDateTime>Oct 28 13:39 CST</EndDateTime>
		<EndTestTime>1698471570</EndTestTime>
		<ElapsedMinutes>0</ElapsedMinutes>
	</Testing>
</Site>
